Using pre-set license
Built from '2020.3/staging' branch; Version is '2020.3.9f1 (108be757e447) revision 1084391'; Using compiler version '192528614'; Build Type 'Release'
OS: 'Windows 10 Pro; OS build 19042.1110; Version 2009; 64bit' Language: 'en' Physical Memory: 16263 MB
BatchMode: 1, IsHumanControllingUs: 0, StartBugReporterOnCrash: 0, Is64bit: 1, IsPro: 0

 COMMAND LINE ARGUMENTS:
C:\Program Files\Unity\Hub\Editor\2020.3.9f1\Editor\Unity.exe
-adb2
-batchMode
-noUpm
-name
AssetImportWorker0
-projectPath
C:/Users/tomto/Documents/GitHub/MajorProjectCIU/MajorProjectCIU/SwordAndShield
-logFile
Logs/AssetImportWorker0.log
-srvPort
65423
Successfully changed project path to: C:/Users/tomto/Documents/GitHub/MajorProjectCIU/MajorProjectCIU/SwordAndShield
C:/Users/tomto/Documents/GitHub/MajorProjectCIU/MajorProjectCIU/SwordAndShield
Using Asset Import Pipeline V2.
Refreshing native plugins compatible for Editor in 34.75 ms, found 0 plugins.
Preloading 0 native plugins for Editor in 0.00 ms.
Initialize engine version: 2020.3.9f1 (108be757e447)
[Subsystems] Discovering subsystems at path C:/Program Files/Unity/Hub/Editor/2020.3.9f1/Editor/Data/Resources/UnitySubsystems
[Subsystems] Discovering subsystems at path C:/Users/tomto/Documents/GitHub/MajorProjectCIU/MajorProjectCIU/SwordAndShield/Assets
GfxDevice: creating device client; threaded=0
Direct3D:
    Version:  Direct3D 11.0 [level 11.1]
    Renderer: NVIDIA GeForce RTX 2070 with Max-Q Design (ID=0x1f50)
    Vendor:   
    VRAM:     8031 MB
    Driver:   30.0.14.7111
Initialize mono
Mono path[0] = 'C:/Program Files/Unity/Hub/Editor/2020.3.9f1/Editor/Data/Managed'
Mono path[1] = 'C:/Program Files/Unity/Hub/Editor/2020.3.9f1/Editor/Data/MonoBleedingEdge/lib/mono/unityjit'
Mono config path = 'C:/Program Files/Unity/Hub/Editor/2020.3.9f1/Editor/Data/MonoBleedingEdge/etc'
Using monoOptions --debugger-agent=transport=dt_socket,embedding=1,server=y,suspend=n,address=127.0.0.1:56800
Begin MonoManager ReloadAssembly
Registering precompiled unity dll's ...
Register platform support module: C:/Program Files/Unity/Hub/Editor/2020.3.9f1/Editor/Data/PlaybackEngines/WindowsStandaloneSupport/UnityEditor.WindowsStandalone.Extensions.dll
Registered in 0.001688 seconds.
Native extension for WindowsStandalone target not found
Refreshing native plugins compatible for Editor in 31.20 ms, found 0 plugins.
Preloading 0 native plugins for Editor in 0.00 ms.
Mono: successfully reloaded assembly
- Completed reload, in  0.987 seconds
Platform modules already initialized, skipping
Registering precompiled user dll's ...
Registered in 0.007827 seconds.
Begin MonoManager ReloadAssembly
Native extension for WindowsStandalone target not found
Refreshing native plugins compatible for Editor in 0.41 ms, found 0 plugins.
Preloading 0 native plugins for Editor in 0.00 ms.
Mono: successfully reloaded assembly
- Completed reload, in  0.822 seconds
Platform modules already initialized, skipping
========================================================================
Worker process is ready to serve import requests
Launched and connected shader compiler UnityShaderCompiler.exe after 0.04 seconds
Refreshing native plugins compatible for Editor in 0.41 ms, found 0 plugins.
Preloading 0 native plugins for Editor in 0.00 ms.
Unloading 2414 Unused Serialized files (Serialized files now loaded: 0)
System memory in use before: 91.5 MB.
System memory in use after: 91.6 MB.

Unloading 29 unused Assets to reduce memory usage. Loaded Objects now: 2982.
Total: 1.915100 ms (FindLiveObjects: 0.228900 ms CreateObjectMapping: 0.083200 ms MarkObjects: 1.525900 ms  DeleteObjects: 0.076200 ms)

========================================================================
Received Import Request.
  path: Assets/Models/Base_Male_Character@T-Pose.fbx
  artifactKey: Guid(e7543aa4ae68a0e408ac37ed4ae54396) Importer(815301076,1909f56bfc062723c751e8b465ee728b)
Start importing Assets/Models/Base_Male_Character@T-Pose.fbx using Guid(e7543aa4ae68a0e408ac37ed4ae54396) Importer(815301076,1909f56bfc062723c751e8b465ee728b)  -> (artifact id: '5e89408d883ec8ada6816c3bea5941ee') in 0.536997 seconds
  Import took 0.540786 seconds .

========================================================================
Received Prepare
Registering precompiled user dll's ...
Registered in 0.007919 seconds.
Begin MonoManager ReloadAssembly
Native extension for WindowsStandalone target not found
Refreshing native plugins compatible for Editor in 0.43 ms, found 0 plugins.
Preloading 0 native plugins for Editor in 0.00 ms.
Mono: successfully reloaded assembly
- Completed reload, in  0.803 seconds
Platform modules already initialized, skipping
Refreshing native plugins compatible for Editor in 0.42 ms, found 0 plugins.
Preloading 0 native plugins for Editor in 0.00 ms.
Unloading 2408 Unused Serialized files (Serialized files now loaded: 0)
System memory in use before: 108.4 MB.
System memory in use after: 108.5 MB.

Unloading 24 unused Assets to reduce memory usage. Loaded Objects now: 3029.
Total: 1.924200 ms (FindLiveObjects: 0.228400 ms CreateObjectMapping: 0.078800 ms MarkObjects: 1.564000 ms  DeleteObjects: 0.052000 ms)

========================================================================
Received Prepare
Registering precompiled user dll's ...
Registered in 0.007438 seconds.
Begin MonoManager ReloadAssembly
Native extension for WindowsStandalone target not found
Refreshing native plugins compatible for Editor in 0.46 ms, found 0 plugins.
Preloading 0 native plugins for Editor in 0.00 ms.
Mono: successfully reloaded assembly
- Completed reload, in  0.801 seconds
Platform modules already initialized, skipping
Refreshing native plugins compatible for Editor in 0.45 ms, found 0 plugins.
Preloading 0 native plugins for Editor in 0.00 ms.
Unloading 2408 Unused Serialized files (Serialized files now loaded: 0)
System memory in use before: 108.4 MB.
System memory in use after: 108.6 MB.

Unloading 24 unused Assets to reduce memory usage. Loaded Objects now: 3032.
Total: 1.876000 ms (FindLiveObjects: 0.233800 ms CreateObjectMapping: 0.093200 ms MarkObjects: 1.497400 ms  DeleteObjects: 0.050900 ms)

========================================================================
Received Import Request.
  Time since last request: 999.737578 seconds.
  path: Assets/Materials/Body.mat
  artifactKey: Guid(a639f371cc56e2948b43bcf9c61a889c) Importer(815301076,1909f56bfc062723c751e8b465ee728b)
Start importing Assets/Materials/Body.mat using Guid(a639f371cc56e2948b43bcf9c61a889c) Importer(815301076,1909f56bfc062723c751e8b465ee728b)  -> (artifact id: 'cb1054c5dd554c498dce5f8ad67c2c2e') in 0.057530 seconds
  Import took 0.061139 seconds .

========================================================================
Received Import Request.
  Time since last request: 0.000294 seconds.
  path: Assets/Materials/Shoes.mat
  artifactKey: Guid(f36965ad9065b4441b286249578730f8) Importer(815301076,1909f56bfc062723c751e8b465ee728b)
Start importing Assets/Materials/Shoes.mat using Guid(f36965ad9065b4441b286249578730f8) Importer(815301076,1909f56bfc062723c751e8b465ee728b)  -> (artifact id: '465500aed620b5cab883249520bdec55') in 0.019401 seconds
  Import took 0.024164 seconds .

========================================================================
Received Import Request.
  Time since last request: 0.000303 seconds.
  path: Assets/Materials/Top.mat
  artifactKey: Guid(0b20a936edd29fe49a2ca4122a31bb51) Importer(815301076,1909f56bfc062723c751e8b465ee728b)
Start importing Assets/Materials/Top.mat using Guid(0b20a936edd29fe49a2ca4122a31bb51) Importer(815301076,1909f56bfc062723c751e8b465ee728b)  -> (artifact id: '73f52234a1a5ba27a9573d69b72174cb') in 0.017433 seconds
  Import took 0.021476 seconds .

========================================================================
Received Import Request.
  Time since last request: 0.000206 seconds.
  path: Assets/Materials/Hair.mat
  artifactKey: Guid(749da0a4b4f25a5479f35fcf1fda6151) Importer(815301076,1909f56bfc062723c751e8b465ee728b)
Start importing Assets/Materials/Hair.mat using Guid(749da0a4b4f25a5479f35fcf1fda6151) Importer(815301076,1909f56bfc062723c751e8b465ee728b)  -> (artifact id: '15d3aaeec374aa6f317191503b8eb15a') in 0.014163 seconds
  Import took 0.017768 seconds .

========================================================================
Received Import Request.
  Time since last request: 0.000229 seconds.
  path: Assets/Materials/Bottoms.mat
  artifactKey: Guid(f8f883c73cc6df14aa9e53aa566044c8) Importer(815301076,1909f56bfc062723c751e8b465ee728b)
Start importing Assets/Materials/Bottoms.mat using Guid(f8f883c73cc6df14aa9e53aa566044c8) Importer(815301076,1909f56bfc062723c751e8b465ee728b)  -> (artifact id: '635cf725ca2e1f0c043219d48a038d8b') in 0.013381 seconds
  Import took 0.017070 seconds .

========================================================================
Received Prepare
Registering precompiled user dll's ...
Registered in 0.008531 seconds.
Begin MonoManager ReloadAssembly
Native extension for WindowsStandalone target not found
Refreshing native plugins compatible for Editor in 0.48 ms, found 0 plugins.
Preloading 0 native plugins for Editor in 0.00 ms.
Mono: successfully reloaded assembly
- Completed reload, in  0.782 seconds
Platform modules already initialized, skipping
Refreshing native plugins compatible for Editor in 0.43 ms, found 0 plugins.
Preloading 0 native plugins for Editor in 0.00 ms.
Unloading 2408 Unused Serialized files (Serialized files now loaded: 0)
System memory in use before: 108.5 MB.
System memory in use after: 108.6 MB.

Unloading 24 unused Assets to reduce memory usage. Loaded Objects now: 3036.
Total: 1.942400 ms (FindLiveObjects: 0.237100 ms CreateObjectMapping: 0.081800 ms MarkObjects: 1.572300 ms  DeleteObjects: 0.050400 ms)

========================================================================
Received Import Request.
  Time since last request: 72.228076 seconds.
  path: Assets/Materials/Shoes.mat
  artifactKey: Guid(f36965ad9065b4441b286249578730f8) Importer(815301076,1909f56bfc062723c751e8b465ee728b)
Start importing Assets/Materials/Shoes.mat using Guid(f36965ad9065b4441b286249578730f8) Importer(815301076,1909f56bfc062723c751e8b465ee728b)  -> (artifact id: '638ec0b5c47c0ba1b3d117e1f235dcb2') in 0.053574 seconds
  Import took 0.056882 seconds .

========================================================================
Received Import Request.
  Time since last request: 0.000284 seconds.
  path: Assets/Materials/Top.mat
  artifactKey: Guid(0b20a936edd29fe49a2ca4122a31bb51) Importer(815301076,1909f56bfc062723c751e8b465ee728b)
Start importing Assets/Materials/Top.mat using Guid(0b20a936edd29fe49a2ca4122a31bb51) Importer(815301076,1909f56bfc062723c751e8b465ee728b)  -> (artifact id: '92ad622d3eef709969e8ac99a1b4189e') in 0.012541 seconds
  Import took 0.015771 seconds .

========================================================================
Received Import Request.
  Time since last request: 0.000287 seconds.
  path: Assets/Materials/Hair.mat
  artifactKey: Guid(749da0a4b4f25a5479f35fcf1fda6151) Importer(815301076,1909f56bfc062723c751e8b465ee728b)
Start importing Assets/Materials/Hair.mat using Guid(749da0a4b4f25a5479f35fcf1fda6151) Importer(815301076,1909f56bfc062723c751e8b465ee728b)  -> (artifact id: 'b2a543726937e36663a684825ad4efe8') in 0.012743 seconds
  Import took 0.016563 seconds .

========================================================================
Received Import Request.
  Time since last request: 0.000228 seconds.
  path: Assets/Materials/Body.mat
  artifactKey: Guid(a639f371cc56e2948b43bcf9c61a889c) Importer(815301076,1909f56bfc062723c751e8b465ee728b)
Start importing Assets/Materials/Body.mat using Guid(a639f371cc56e2948b43bcf9c61a889c) Importer(815301076,1909f56bfc062723c751e8b465ee728b)  -> (artifact id: 'f4ac446ba3256e0789e9d0fa73766916') in 0.023868 seconds
  Import took 0.027498 seconds .

========================================================================
Received Import Request.
  Time since last request: 0.000278 seconds.
  path: Assets/Materials/Bottoms.mat
  artifactKey: Guid(f8f883c73cc6df14aa9e53aa566044c8) Importer(815301076,1909f56bfc062723c751e8b465ee728b)
Start importing Assets/Materials/Bottoms.mat using Guid(f8f883c73cc6df14aa9e53aa566044c8) Importer(815301076,1909f56bfc062723c751e8b465ee728b)  -> (artifact id: '98de3a15ab8d63f8f1e4a834280727f3') in 0.015225 seconds
  Import took 0.019000 seconds .

========================================================================
Received Import Request.
  Time since last request: 22.355839 seconds.
  path: Assets/Prefabs
  artifactKey: Guid(f6dd7fae03d7e104f9fa304a1867c40e) Importer(815301076,1909f56bfc062723c751e8b465ee728b)
Start importing Assets/Prefabs using Guid(f6dd7fae03d7e104f9fa304a1867c40e) Importer(815301076,1909f56bfc062723c751e8b465ee728b)  -> (artifact id: '74f11a782a5725d135b4dbc46d62a558') in 0.006620 seconds
  Import took 0.010480 seconds .

========================================================================
Received Import Request.
  Time since last request: 4.953230 seconds.
  path: Assets/Prefabs/PlayerSnS.prefab
  artifactKey: Guid(7988aabeb3a27f54f8b55c01e995813e) Importer(815301076,1909f56bfc062723c751e8b465ee728b)
Start importing Assets/Prefabs/PlayerSnS.prefab using Guid(7988aabeb3a27f54f8b55c01e995813e) Importer(815301076,1909f56bfc062723c751e8b465ee728b)  -> (artifact id: '43ecabbdaef7ad456003a1b60e5eecbe') in 0.249337 seconds
  Import took 0.258326 seconds .

========================================================================
Received Import Request.
  Time since last request: 0.001306 seconds.
  path: Assets/Prefabs/PlayerSnS.prefab
  artifactKey: Guid(7988aabeb3a27f54f8b55c01e995813e) Importer(815301076,1909f56bfc062723c751e8b465ee728b)
Start importing Assets/Prefabs/PlayerSnS.prefab using Guid(7988aabeb3a27f54f8b55c01e995813e) Importer(815301076,1909f56bfc062723c751e8b465ee728b)  -> (artifact id: '43ecabbdaef7ad456003a1b60e5eecbe') in 0.141178 seconds
  Import took 0.149176 seconds .

========================================================================
Received Import Request.
  Time since last request: 18.060390 seconds.
  path: Assets/Prefabs/PlayerSnS.prefab
  artifactKey: Guid(7988aabeb3a27f54f8b55c01e995813e) Importer(815301076,1909f56bfc062723c751e8b465ee728b)
Start importing Assets/Prefabs/PlayerSnS.prefab using Guid(7988aabeb3a27f54f8b55c01e995813e) Importer(815301076,1909f56bfc062723c751e8b465ee728b)  -> (artifact id: '331ba1db52a54f1551cfdf411e951fc8') in 0.144092 seconds
  Import took 0.153126 seconds .

========================================================================
Received Import Request.
  Time since last request: 2.497879 seconds.
  path: Assets/Prefabs/PlayerSnS.prefab
  artifactKey: Guid(7988aabeb3a27f54f8b55c01e995813e) Importer(815301076,1909f56bfc062723c751e8b465ee728b)
Start importing Assets/Prefabs/PlayerSnS.prefab using Guid(7988aabeb3a27f54f8b55c01e995813e) Importer(815301076,1909f56bfc062723c751e8b465ee728b)  -> (artifact id: '358c982e24546a647d475710a2be6f0c') in 0.139030 seconds
  Import took 0.147260 seconds .

========================================================================
Received Import Request.
  Time since last request: 2.875281 seconds.
  path: Assets/Prefabs/PlayerSnS.prefab
  artifactKey: Guid(7988aabeb3a27f54f8b55c01e995813e) Importer(815301076,1909f56bfc062723c751e8b465ee728b)
Start importing Assets/Prefabs/PlayerSnS.prefab using Guid(7988aabeb3a27f54f8b55c01e995813e) Importer(815301076,1909f56bfc062723c751e8b465ee728b)  -> (artifact id: '4d9725da085f926a83235bb495313ec8') in 0.140892 seconds
  Import took 0.149518 seconds .

========================================================================
Received Prepare
Registering precompiled user dll's ...
Registered in 0.008185 seconds.
Begin MonoManager ReloadAssembly
Native extension for WindowsStandalone target not found
Refreshing native plugins compatible for Editor in 0.41 ms, found 0 plugins.
Preloading 0 native plugins for Editor in 0.00 ms.
Mono: successfully reloaded assembly
- Completed reload, in  0.773 seconds
Platform modules already initialized, skipping
Refreshing native plugins compatible for Editor in 0.43 ms, found 0 plugins.
Preloading 0 native plugins for Editor in 0.00 ms.
Unloading 2408 Unused Serialized files (Serialized files now loaded: 0)
System memory in use before: 108.8 MB.
System memory in use after: 109.0 MB.

Unloading 24 unused Assets to reduce memory usage. Loaded Objects now: 3041.
Total: 2.078200 ms (FindLiveObjects: 0.259900 ms CreateObjectMapping: 0.096100 ms MarkObjects: 1.671000 ms  DeleteObjects: 0.050600 ms)

