Using pre-set license
Built from '2020.3/staging' branch; Version is '2020.3.9f1 (108be757e447) revision 1084391'; Using compiler version '192528614'; Build Type 'Release'
OS: 'Windows 10 Pro; OS build 19042.1110; Version 2009; 64bit' Language: 'en' Physical Memory: 16263 MB
BatchMode: 1, IsHumanControllingUs: 0, StartBugReporterOnCrash: 0, Is64bit: 1, IsPro: 0

 COMMAND LINE ARGUMENTS:
C:\Program Files\Unity\Hub\Editor\2020.3.9f1\Editor\Unity.exe
-adb2
-batchMode
-noUpm
-name
AssetImportWorker0
-projectPath
C:/Users/tomto/Documents/GitHub/MajorProjectCIU/MajorProjectCIU/SwordAndShield
-logFile
Logs/AssetImportWorker0.log
-srvPort
51379
Successfully changed project path to: C:/Users/tomto/Documents/GitHub/MajorProjectCIU/MajorProjectCIU/SwordAndShield
C:/Users/tomto/Documents/GitHub/MajorProjectCIU/MajorProjectCIU/SwordAndShield
Using Asset Import Pipeline V2.
Refreshing native plugins compatible for Editor in 33.47 ms, found 0 plugins.
Preloading 0 native plugins for Editor in 0.00 ms.
Initialize engine version: 2020.3.9f1 (108be757e447)
[Subsystems] Discovering subsystems at path C:/Program Files/Unity/Hub/Editor/2020.3.9f1/Editor/Data/Resources/UnitySubsystems
[Subsystems] Discovering subsystems at path C:/Users/tomto/Documents/GitHub/MajorProjectCIU/MajorProjectCIU/SwordAndShield/Assets
GfxDevice: creating device client; threaded=0
Direct3D:
    Version:  Direct3D 11.0 [level 11.1]
    Renderer: NVIDIA GeForce RTX 2070 with Max-Q Design (ID=0x1f50)
    Vendor:   
    VRAM:     8031 MB
    Driver:   30.0.14.7111
Initialize mono
Mono path[0] = 'C:/Program Files/Unity/Hub/Editor/2020.3.9f1/Editor/Data/Managed'
Mono path[1] = 'C:/Program Files/Unity/Hub/Editor/2020.3.9f1/Editor/Data/MonoBleedingEdge/lib/mono/unityjit'
Mono config path = 'C:/Program Files/Unity/Hub/Editor/2020.3.9f1/Editor/Data/MonoBleedingEdge/etc'
Using monoOptions --debugger-agent=transport=dt_socket,embedding=1,server=y,suspend=n,address=127.0.0.1:56132
Begin MonoManager ReloadAssembly
Registering precompiled unity dll's ...
Register platform support module: C:/Program Files/Unity/Hub/Editor/2020.3.9f1/Editor/Data/PlaybackEngines/WindowsStandaloneSupport/UnityEditor.WindowsStandalone.Extensions.dll
Registered in 0.001672 seconds.
Native extension for WindowsStandalone target not found
Refreshing native plugins compatible for Editor in 31.85 ms, found 0 plugins.
Preloading 0 native plugins for Editor in 0.00 ms.
Mono: successfully reloaded assembly
- Completed reload, in  0.990 seconds
Platform modules already initialized, skipping
Registering precompiled user dll's ...
Registered in 0.008307 seconds.
Begin MonoManager ReloadAssembly
Symbol file LoadedFromMemory doesn't match image C:\Users\tomto\Documents\GitHub\MajorProjectCIU\MajorProjectCIU\SwordAndShield\Assets\PlayMaker\Editor\PlayMakerEditor.dll
Native extension for WindowsStandalone target not found
Refreshing native plugins compatible for Editor in 0.41 ms, found 0 plugins.
Preloading 0 native plugins for Editor in 0.00 ms.
Mono: successfully reloaded assembly
- Completed reload, in  0.830 seconds
Platform modules already initialized, skipping
========================================================================
Worker process is ready to serve import requests
Launched and connected shader compiler UnityShaderCompiler.exe after 0.04 seconds
Refreshing native plugins compatible for Editor in 0.98 ms, found 0 plugins.
Preloading 0 native plugins for Editor in 0.00 ms.
Unloading 2414 Unused Serialized files (Serialized files now loaded: 0)
System memory in use before: 91.0 MB.
System memory in use after: 91.1 MB.

Unloading 29 unused Assets to reduce memory usage. Loaded Objects now: 2980.
Total: 13.879800 ms (FindLiveObjects: 0.420200 ms CreateObjectMapping: 0.183600 ms MarkObjects: 13.125300 ms  DeleteObjects: 0.148600 ms)

========================================================================
Received Import Request.
  path: Assets/SwordShieldAnimsetPro/Scenes
  artifactKey: Guid(e4605bee5e0dedd4cb88c942863070c7) Importer(815301076,1909f56bfc062723c751e8b465ee728b)
Start importing Assets/SwordShieldAnimsetPro/Scenes using Guid(e4605bee5e0dedd4cb88c942863070c7) Importer(815301076,1909f56bfc062723c751e8b465ee728b)  -> (artifact id: 'f7b51724980c23e2a9a970176d16d283') in 0.013661 seconds
  Import took 0.020567 seconds .

========================================================================
Received Import Request.
  Time since last request: 3.468299 seconds.
  path: Assets/SwordShieldAnimsetPro/Scenes/SnS_TPP_Demo.unity
  artifactKey: Guid(156b34fa52e7d2d4695fc3729ce6fd48) Importer(815301076,1909f56bfc062723c751e8b465ee728b)
Start importing Assets/SwordShieldAnimsetPro/Scenes/SnS_TPP_Demo.unity using Guid(156b34fa52e7d2d4695fc3729ce6fd48) Importer(815301076,1909f56bfc062723c751e8b465ee728b)  -> (artifact id: 'f832c6f5806bf1c80fb5179ccca9e479') in 0.015467 seconds
  Import took 0.018828 seconds .

========================================================================
Received Prepare
Registering precompiled user dll's ...
Registered in 0.007654 seconds.
Begin MonoManager ReloadAssembly
Symbol file LoadedFromMemory doesn't match image C:\Users\tomto\Documents\GitHub\MajorProjectCIU\MajorProjectCIU\SwordAndShield\Assets\PlayMaker\Editor\PlayMakerEditor.dll
Native extension for WindowsStandalone target not found
Refreshing native plugins compatible for Editor in 0.42 ms, found 0 plugins.
Preloading 0 native plugins for Editor in 0.00 ms.
Mono: successfully reloaded assembly
- Completed reload, in  0.673 seconds
Platform modules already initialized, skipping
Refreshing native plugins compatible for Editor in 0.57 ms, found 0 plugins.
Preloading 0 native plugins for Editor in 0.00 ms.
Unloading 2408 Unused Serialized files (Serialized files now loaded: 0)
System memory in use before: 90.0 MB.
System memory in use after: 90.2 MB.

Unloading 23 unused Assets to reduce memory usage. Loaded Objects now: 2979.
Total: 1.703900 ms (FindLiveObjects: 0.197300 ms CreateObjectMapping: 0.084400 ms MarkObjects: 1.372200 ms  DeleteObjects: 0.049200 ms)

AssetImportWorkerClient::OnTransportError - code=2 error=End of file
