Using pre-set license
Built from '2020.3/staging' branch; Version is '2020.3.9f1 (108be757e447) revision 1084391'; Using compiler version '192528614'; Build Type 'Release'
OS: 'Windows 10 Home; OS build 19042.1288; Version 2009; 64bit' Language: 'en' Physical Memory: 32571 MB
BatchMode: 1, IsHumanControllingUs: 0, StartBugReporterOnCrash: 0, Is64bit: 1, IsPro: 0

 COMMAND LINE ARGUMENTS:
C:\Apps\Unity\Editors\2020.3.9f1\Editor\Unity.exe
-adb2
-batchMode
-noUpm
-name
AssetImportWorker0
-projectPath
C:/Apps/Unity/Projects/MajorProjectCIU/GuardianImpact
-logFile
Logs/AssetImportWorker0.log
-srvPort
57223
Successfully changed project path to: C:/Apps/Unity/Projects/MajorProjectCIU/GuardianImpact
C:/Apps/Unity/Projects/MajorProjectCIU/GuardianImpact
Using Asset Import Pipeline V2.
Refreshing native plugins compatible for Editor in 96.19 ms, found 0 plugins.
Preloading 0 native plugins for Editor in 0.00 ms.
Initialize engine version: 2020.3.9f1 (108be757e447)
[Subsystems] Discovering subsystems at path C:/Apps/Unity/Editors/2020.3.9f1/Editor/Data/Resources/UnitySubsystems
[Subsystems] Discovering subsystems at path C:/Apps/Unity/Projects/MajorProjectCIU/GuardianImpact/Assets
GfxDevice: creating device client; threaded=0
Direct3D:
    Version:  Direct3D 11.0 [level 11.1]
    Renderer: NVIDIA GeForce RTX 2060 (ID=0x1f11)
    Vendor:   
    VRAM:     5980 MB
    Driver:   30.0.14.7196
Shader 'Universal Render Pipeline/Particles/Lit': fallback shader 'Universal Render Pipeline/Particles/SimpleLit' not found
Initialize mono
Mono path[0] = 'C:/Apps/Unity/Editors/2020.3.9f1/Editor/Data/Managed'
Mono path[1] = 'C:/Apps/Unity/Editors/2020.3.9f1/Editor/Data/MonoBleedingEdge/lib/mono/unityjit'
Mono config path = 'C:/Apps/Unity/Editors/2020.3.9f1/Editor/Data/MonoBleedingEdge/etc'
Using monoOptions --debugger-agent=transport=dt_socket,embedding=1,server=y,suspend=n,address=127.0.0.1:56156
Begin MonoManager ReloadAssembly
Registering precompiled unity dll's ...
Register platform support module: C:/Apps/Unity/Editors/2020.3.9f1/Editor/Data/PlaybackEngines/WindowsStandaloneSupport/UnityEditor.WindowsStandalone.Extensions.dll
Registered in 0.001808 seconds.
Native extension for WindowsStandalone target not found
Refreshing native plugins compatible for Editor in 98.88 ms, found 0 plugins.
Preloading 0 native plugins for Editor in 0.00 ms.
Mono: successfully reloaded assembly
- Completed reload, in  0.966 seconds
Platform modules already initialized, skipping
Registering precompiled user dll's ...
Registered in 0.003451 seconds.
Begin MonoManager ReloadAssembly
Native extension for WindowsStandalone target not found
Refreshing native plugins compatible for Editor in 103.45 ms, found 0 plugins.
Preloading 0 native plugins for Editor in 0.00 ms.
Mono: successfully reloaded assembly
- Completed reload, in  1.292 seconds
Platform modules already initialized, skipping
========================================================================
Worker process is ready to serve import requests
Shader 'Universal Render Pipeline/Particles/Lit': fallback shader 'Universal Render Pipeline/Particles/SimpleLit' not found
Launched and connected shader compiler UnityShaderCompiler.exe after 0.04 seconds
Refreshing native plugins compatible for Editor in 1.46 ms, found 0 plugins.
Preloading 0 native plugins for Editor in 0.00 ms.
Unloading 3304 Unused Serialized files (Serialized files now loaded: 0)
System memory in use before: 154.4 MB.
System memory in use after: 154.5 MB.

Unloading 22 unused Assets to reduce memory usage. Loaded Objects now: 3750.
Total: 2.653400 ms (FindLiveObjects: 0.330300 ms CreateObjectMapping: 0.151500 ms MarkObjects: 2.076200 ms  DeleteObjects: 0.094400 ms)

========================================================================
Received Import Request.
  path: Assets/PlayFabSDK/PlayFab.asmdef
  artifactKey: Guid(0da6d172d18a54e4389d0dce1e1ffdf2) Importer(815301076,1909f56bfc062723c751e8b465ee728b)
Start importing Assets/PlayFabSDK/PlayFab.asmdef using Guid(0da6d172d18a54e4389d0dce1e1ffdf2) Importer(815301076,1909f56bfc062723c751e8b465ee728b)  -> (artifact id: '001c4b671141712735f705b75814d2b8') in 0.033399 seconds
  Import took 0.039698 seconds .

========================================================================
Received Import Request.
  Time since last request: 7.278625 seconds.
  path: Assets/Scenes/URPTest.asset
  artifactKey: Guid(13be79fcdd815944d8e9db6e08bf5e85) Importer(815301076,1909f56bfc062723c751e8b465ee728b)
Start importing Assets/Scenes/URPTest.asset using Guid(13be79fcdd815944d8e9db6e08bf5e85) Importer(815301076,1909f56bfc062723c751e8b465ee728b)  -> (artifact id: '0528701aa3a66188685529ad793a0ae5') in 0.046784 seconds
  Import took 0.052320 seconds .

========================================================================
Received Import Request.
  Time since last request: 0.000260 seconds.
  path: Assets/Scenes/URPTest_Renderer.asset
  artifactKey: Guid(9899dc0dc07e3de4db89d0f1c550b417) Importer(815301076,1909f56bfc062723c751e8b465ee728b)
Start importing Assets/Scenes/URPTest_Renderer.asset using Guid(9899dc0dc07e3de4db89d0f1c550b417) Importer(815301076,1909f56bfc062723c751e8b465ee728b)  -> (artifact id: '165a0c66bfef4fc7c194780f0cb72a35') in 0.022217 seconds
  Import took 0.027815 seconds .

========================================================================
Received Import Request.
  Time since last request: 1.593722 seconds.
  path: Assets/Scenes/2_TitleScreen_C.unity
  artifactKey: Guid(a7ed6cfb4c7367045aaf49d126a6f131) Importer(815301076,1909f56bfc062723c751e8b465ee728b)
Start importing Assets/Scenes/2_TitleScreen_C.unity using Guid(a7ed6cfb4c7367045aaf49d126a6f131) Importer(815301076,1909f56bfc062723c751e8b465ee728b)  -> (artifact id: '44382cffb14454b70efde0ad7aa9bc55') in 0.007530 seconds
  Import took 0.012839 seconds .

========================================================================
Received Import Request.
  Time since last request: 0.409747 seconds.
  path: Assets/Scenes/3_MainMenu_C.unity
  artifactKey: Guid(df7023b2f7479f5418bf91763798a3fe) Importer(815301076,1909f56bfc062723c751e8b465ee728b)
Start importing Assets/Scenes/3_MainMenu_C.unity using Guid(df7023b2f7479f5418bf91763798a3fe) Importer(815301076,1909f56bfc062723c751e8b465ee728b)  -> (artifact id: 'a4f8f5f27fa03f9660892eba20a534bc') in 0.006251 seconds
  Import took 0.011391 seconds .

========================================================================
Received Import Request.
  Time since last request: 25.931191 seconds.
  path: Assets/Scenes/0_SplashScreen_C 1.unity
  artifactKey: Guid(4c2f3056a8ca9cb4b830dc94f7864b8b) Importer(815301076,1909f56bfc062723c751e8b465ee728b)
Start importing Assets/Scenes/0_SplashScreen_C 1.unity using Guid(4c2f3056a8ca9cb4b830dc94f7864b8b) Importer(815301076,1909f56bfc062723c751e8b465ee728b)  -> (artifact id: '8f5bf4a7e0f61c995efaa0e0d87fab1e') in 0.006188 seconds
  Import took 0.011955 seconds .

========================================================================
Received Prepare
Registering precompiled user dll's ...
Registered in 0.003925 seconds.
Begin MonoManager ReloadAssembly
Native extension for WindowsStandalone target not found
Refreshing native plugins compatible for Editor in 2.02 ms, found 0 plugins.
Preloading 0 native plugins for Editor in 0.00 ms.
Mono: successfully reloaded assembly
- Completed reload, in  1.244 seconds
Platform modules already initialized, skipping
Shader 'Universal Render Pipeline/Particles/Lit': fallback shader 'Universal Render Pipeline/Particles/SimpleLit' not found
Refreshing native plugins compatible for Editor in 1.06 ms, found 0 plugins.
Preloading 0 native plugins for Editor in 0.00 ms.
Unloading 3213 Unused Serialized files (Serialized files now loaded: 0)
System memory in use before: 146.3 MB.
System memory in use after: 146.5 MB.

Unloading 14 unused Assets to reduce memory usage. Loaded Objects now: 3755.
Total: 2.993400 ms (FindLiveObjects: 0.343000 ms CreateObjectMapping: 0.158500 ms MarkObjects: 2.416500 ms  DeleteObjects: 0.074000 ms)

AssetImportWorkerClient::OnTransportError - code=2 error=End of file
