Using pre-set license
Built from '2020.3/staging' branch; Version is '2020.3.9f1 (108be757e447) revision 1084391'; Using compiler version '192528614'; Build Type 'Release'
OS: 'Windows 10 Pro; OS build 19042.1052; Version 2009; 64bit' Language: 'en' Physical Memory: 16263 MB
BatchMode: 1, IsHumanControllingUs: 0, StartBugReporterOnCrash: 0, Is64bit: 1, IsPro: 0

 COMMAND LINE ARGUMENTS:
C:\Program Files\Unity\Hub\Editor\2020.3.9f1\Editor\Unity.exe
-adb2
-batchMode
-noUpm
-name
AssetImportWorker0
-projectPath
C:/Users/tomto/Documents/GitHub/MajorProjectCIU/MajorProjectCIU
-logFile
Logs/AssetImportWorker0.log
-srvPort
57321
Successfully changed project path to: C:/Users/tomto/Documents/GitHub/MajorProjectCIU/MajorProjectCIU
C:/Users/tomto/Documents/GitHub/MajorProjectCIU/MajorProjectCIU
Using Asset Import Pipeline V2.
Refreshing native plugins compatible for Editor in 105.51 ms, found 0 plugins.
Preloading 0 native plugins for Editor in 0.00 ms.
Initialize engine version: 2020.3.9f1 (108be757e447)
[Subsystems] Discovering subsystems at path C:/Program Files/Unity/Hub/Editor/2020.3.9f1/Editor/Data/Resources/UnitySubsystems
[Subsystems] Discovering subsystems at path C:/Users/tomto/Documents/GitHub/MajorProjectCIU/MajorProjectCIU/Assets
GfxDevice: creating device client; threaded=0
Direct3D:
    Version:  Direct3D 11.0 [level 11.1]
    Renderer: NVIDIA GeForce RTX 2070 with Max-Q Design (ID=0x1f50)
    Vendor:   
    VRAM:     8031 MB
    Driver:   27.21.14.6627
Initialize mono
Mono path[0] = 'C:/Program Files/Unity/Hub/Editor/2020.3.9f1/Editor/Data/Managed'
Mono path[1] = 'C:/Program Files/Unity/Hub/Editor/2020.3.9f1/Editor/Data/MonoBleedingEdge/lib/mono/unityjit'
Mono config path = 'C:/Program Files/Unity/Hub/Editor/2020.3.9f1/Editor/Data/MonoBleedingEdge/etc'
Using monoOptions --debugger-agent=transport=dt_socket,embedding=1,server=y,suspend=n,address=127.0.0.1:56016
Begin MonoManager ReloadAssembly
Registering precompiled unity dll's ...
Register platform support module: C:/Program Files/Unity/Hub/Editor/2020.3.9f1/Editor/Data/PlaybackEngines/WindowsStandaloneSupport/UnityEditor.WindowsStandalone.Extensions.dll
Registered in 0.001725 seconds.
Native extension for WindowsStandalone target not found
Refreshing native plugins compatible for Editor in 107.98 ms, found 0 plugins.
Preloading 0 native plugins for Editor in 0.00 ms.
Mono: successfully reloaded assembly
- Completed reload, in  1.368 seconds
Platform modules already initialized, skipping
Registering precompiled user dll's ...
Registered in 0.001680 seconds.
Begin MonoManager ReloadAssembly
Native extension for WindowsStandalone target not found
Refreshing native plugins compatible for Editor in 113.76 ms, found 0 plugins.
Preloading 0 native plugins for Editor in 0.00 ms.
Mono: successfully reloaded assembly
- Completed reload, in  2.067 seconds
Platform modules already initialized, skipping
========================================================================
Worker process is ready to serve import requests
Launched and connected shader compiler UnityShaderCompiler.exe after 0.06 seconds
Refreshing native plugins compatible for Editor in 0.72 ms, found 0 plugins.
Preloading 0 native plugins for Editor in 0.00 ms.
Unloading 4187 Unused Serialized files (Serialized files now loaded: 0)
System memory in use before: 202.8 MB.
System memory in use after: 199.8 MB.

Unloading 178 unused Assets to reduce memory usage. Loaded Objects now: 4595.
Total: 9.147600 ms (FindLiveObjects: 0.513400 ms CreateObjectMapping: 0.508100 ms MarkObjects: 4.861700 ms  DeleteObjects: 3.261600 ms)

========================================================================
Received Import Request.
  path: Assets/InputManager.preset
  artifactKey: Guid(7b6a3f7564e52f64e9bc353615000b27) Importer(815301076,1909f56bfc062723c751e8b465ee728b)
Start importing Assets/InputManager.preset using Guid(7b6a3f7564e52f64e9bc353615000b27) Importer(815301076,1909f56bfc062723c751e8b465ee728b)  -> (artifact id: '57403aac849640a76faa88f0669b9933') in 0.059527 seconds
  Import took 0.071007 seconds .

========================================================================
Received Prepare
Registering precompiled user dll's ...
Registered in 0.001526 seconds.
Begin MonoManager ReloadAssembly
Native extension for WindowsStandalone target not found
Refreshing native plugins compatible for Editor in 0.68 ms, found 0 plugins.
Preloading 0 native plugins for Editor in 0.00 ms.
Warning: Annotation not found!
UnityEngine.StackTraceUtility:ExtractStackTrace ()
UnityEditor.ProBuilder.EditorUtility:SetGizmoIconEnabled (System.Type,bool) (at Library/PackageCache/com.unity.probuilder@4.5.0/Editor/EditorCore/EditorUtility.cs:593)
UnityEditor.ProBuilder.HierarchyListener:.cctor () (at Library/PackageCache/com.unity.probuilder@4.5.0/Editor/EditorCore/HierarchyListener.cs:21)
System.Runtime.CompilerServices.RuntimeHelpers:RunClassConstructor (System.RuntimeTypeHandle)
UnityEditor.EditorAssemblies:ProcessInitializeOnLoadAttributes (System.Type[])

[Library/PackageCache/com.unity.probuilder@4.5.0/Editor/EditorCore/EditorUtility.cs line 593]

Mono: successfully reloaded assembly
- Completed reload, in  1.505 seconds
Platform modules already initialized, skipping
Refreshing native plugins compatible for Editor in 1.81 ms, found 0 plugins.
Preloading 0 native plugins for Editor in 0.00 ms.
Unloading 3891 Unused Serialized files (Serialized files now loaded: 0)
System memory in use before: 188.2 MB.
System memory in use after: 185.3 MB.

Unloading 44 unused Assets to reduce memory usage. Loaded Objects now: 4598.
Total: 6.693200 ms (FindLiveObjects: 0.408000 ms CreateObjectMapping: 0.245900 ms MarkObjects: 3.199800 ms  DeleteObjects: 2.837900 ms)

========================================================================
Received Import Request.
  Time since last request: 84.584087 seconds.
  path: Assets/New Controls.inputactions
  artifactKey: Guid(59140a7c0717f7b478f3bac13537f6b2) Importer(815301076,1909f56bfc062723c751e8b465ee728b)
Start importing Assets/New Controls.inputactions using Guid(59140a7c0717f7b478f3bac13537f6b2) Importer(815301076,1909f56bfc062723c751e8b465ee728b)  -> (artifact id: '84d81be911ea07809394f141dce99e7a') in 0.033308 seconds
  Import took 0.041156 seconds .

========================================================================
Received Import Request.
  Time since last request: 106.009153 seconds.
  path: Assets/New Controls.inputactions
  artifactKey: Guid(59140a7c0717f7b478f3bac13537f6b2) Importer(815301076,1909f56bfc062723c751e8b465ee728b)
Start importing Assets/New Controls.inputactions using Guid(59140a7c0717f7b478f3bac13537f6b2) Importer(815301076,1909f56bfc062723c751e8b465ee728b)  -> (artifact id: '4d048057d5b6c63eb0bbe314af6345bd') in 0.006977 seconds
  Import took 0.013640 seconds .

========================================================================
Received Import Request.
  Time since last request: 29.177228 seconds.
  path: Assets/Scripts/NewInputTest.cs
  artifactKey: Guid(f6835abf5e5da8446a8c5f732a30489a) Importer(815301076,1909f56bfc062723c751e8b465ee728b)
Start importing Assets/Scripts/NewInputTest.cs using Guid(f6835abf5e5da8446a8c5f732a30489a) Importer(815301076,1909f56bfc062723c751e8b465ee728b)  -> (artifact id: '7988fed5db32643116f0d9e52ac583f6') in 0.014338 seconds
  Import took 0.021708 seconds .

========================================================================
Received Prepare
Registering precompiled user dll's ...
Registered in 0.001538 seconds.
Begin MonoManager ReloadAssembly
Native extension for WindowsStandalone target not found
Refreshing native plugins compatible for Editor in 0.73 ms, found 0 plugins.
Preloading 0 native plugins for Editor in 0.00 ms.
Warning: Annotation not found!
UnityEngine.StackTraceUtility:ExtractStackTrace ()
UnityEditor.ProBuilder.EditorUtility:SetGizmoIconEnabled (System.Type,bool) (at Library/PackageCache/com.unity.probuilder@4.5.0/Editor/EditorCore/EditorUtility.cs:593)
UnityEditor.ProBuilder.HierarchyListener:.cctor () (at Library/PackageCache/com.unity.probuilder@4.5.0/Editor/EditorCore/HierarchyListener.cs:21)
System.Runtime.CompilerServices.RuntimeHelpers:RunClassConstructor (System.RuntimeTypeHandle)
UnityEditor.EditorAssemblies:ProcessInitializeOnLoadAttributes (System.Type[])

[Library/PackageCache/com.unity.probuilder@4.5.0/Editor/EditorCore/EditorUtility.cs line 593]

Mono: successfully reloaded assembly
- Completed reload, in  1.576 seconds
Platform modules already initialized, skipping
Refreshing native plugins compatible for Editor in 0.76 ms, found 0 plugins.
Preloading 0 native plugins for Editor in 0.00 ms.
Unloading 3892 Unused Serialized files (Serialized files now loaded: 0)
System memory in use before: 188.3 MB.
System memory in use after: 185.4 MB.

Unloading 44 unused Assets to reduce memory usage. Loaded Objects now: 4602.
Total: 6.610000 ms (FindLiveObjects: 0.534400 ms CreateObjectMapping: 0.590000 ms MarkObjects: 3.263700 ms  DeleteObjects: 2.220700 ms)

========================================================================
Received Prepare
Registering precompiled user dll's ...
Registered in 0.001583 seconds.
Begin MonoManager ReloadAssembly
Native extension for WindowsStandalone target not found
Refreshing native plugins compatible for Editor in 0.83 ms, found 0 plugins.
Preloading 0 native plugins for Editor in 0.00 ms.
Warning: Annotation not found!
UnityEngine.StackTraceUtility:ExtractStackTrace ()
UnityEditor.ProBuilder.EditorUtility:SetGizmoIconEnabled (System.Type,bool) (at Library/PackageCache/com.unity.probuilder@4.5.0/Editor/EditorCore/EditorUtility.cs:593)
UnityEditor.ProBuilder.HierarchyListener:.cctor () (at Library/PackageCache/com.unity.probuilder@4.5.0/Editor/EditorCore/HierarchyListener.cs:21)
System.Runtime.CompilerServices.RuntimeHelpers:RunClassConstructor (System.RuntimeTypeHandle)
UnityEditor.EditorAssemblies:ProcessInitializeOnLoadAttributes (System.Type[])

[Library/PackageCache/com.unity.probuilder@4.5.0/Editor/EditorCore/EditorUtility.cs line 593]

Mono: successfully reloaded assembly
- Completed reload, in  1.607 seconds
Platform modules already initialized, skipping
Refreshing native plugins compatible for Editor in 1.17 ms, found 0 plugins.
Preloading 0 native plugins for Editor in 0.00 ms.
Unloading 3892 Unused Serialized files (Serialized files now loaded: 0)
System memory in use before: 188.4 MB.
System memory in use after: 185.4 MB.

Unloading 44 unused Assets to reduce memory usage. Loaded Objects now: 4605.
Total: 8.502200 ms (FindLiveObjects: 0.398900 ms CreateObjectMapping: 0.260800 ms MarkObjects: 5.101100 ms  DeleteObjects: 2.739700 ms)

========================================================================
Received Import Request.
  Time since last request: 433.715920 seconds.
  path: Assets/Scripts/NewInputTest.cs
  artifactKey: Guid(f6835abf5e5da8446a8c5f732a30489a) Importer(815301076,1909f56bfc062723c751e8b465ee728b)
Start importing Assets/Scripts/NewInputTest.cs using Guid(f6835abf5e5da8446a8c5f732a30489a) Importer(815301076,1909f56bfc062723c751e8b465ee728b)  -> (artifact id: '239bf329758ffc7749aa4a505c513e07') in 0.013899 seconds
  Import took 0.020728 seconds .

========================================================================
Received Import Request.
  Time since last request: 0.002401 seconds.
  path: Assets/Scripts/NewInputTest.cs
  artifactKey: Guid(f6835abf5e5da8446a8c5f732a30489a) Importer(815301076,1909f56bfc062723c751e8b465ee728b)
Start importing Assets/Scripts/NewInputTest.cs using Guid(f6835abf5e5da8446a8c5f732a30489a) Importer(815301076,1909f56bfc062723c751e8b465ee728b)  -> (artifact id: '239bf329758ffc7749aa4a505c513e07') in 0.002321 seconds
  Import took 0.008415 seconds .

========================================================================
Received Prepare
Registering precompiled user dll's ...
Registered in 0.001653 seconds.
Begin MonoManager ReloadAssembly
Native extension for WindowsStandalone target not found
Refreshing native plugins compatible for Editor in 1.14 ms, found 0 plugins.
Preloading 0 native plugins for Editor in 0.00 ms.
Warning: Annotation not found!
UnityEngine.StackTraceUtility:ExtractStackTrace ()
UnityEditor.ProBuilder.EditorUtility:SetGizmoIconEnabled (System.Type,bool) (at Library/PackageCache/com.unity.probuilder@4.5.0/Editor/EditorCore/EditorUtility.cs:593)
UnityEditor.ProBuilder.HierarchyListener:.cctor () (at Library/PackageCache/com.unity.probuilder@4.5.0/Editor/EditorCore/HierarchyListener.cs:21)
System.Runtime.CompilerServices.RuntimeHelpers:RunClassConstructor (System.RuntimeTypeHandle)
UnityEditor.EditorAssemblies:ProcessInitializeOnLoadAttributes (System.Type[])

[Library/PackageCache/com.unity.probuilder@4.5.0/Editor/EditorCore/EditorUtility.cs line 593]

Mono: successfully reloaded assembly
- Completed reload, in  1.436 seconds
Platform modules already initialized, skipping
Refreshing native plugins compatible for Editor in 1.48 ms, found 0 plugins.
Preloading 0 native plugins for Editor in 0.00 ms.
Unloading 3891 Unused Serialized files (Serialized files now loaded: 0)
System memory in use before: 188.4 MB.
System memory in use after: 185.4 MB.

Unloading 45 unused Assets to reduce memory usage. Loaded Objects now: 4607.
Total: 5.798400 ms (FindLiveObjects: 0.360400 ms CreateObjectMapping: 0.161300 ms MarkObjects: 2.944600 ms  DeleteObjects: 2.330600 ms)

========================================================================
Received Prepare
Registering precompiled user dll's ...
Registered in 0.001678 seconds.
Begin MonoManager ReloadAssembly
Native extension for WindowsStandalone target not found
Refreshing native plugins compatible for Editor in 0.68 ms, found 0 plugins.
Preloading 0 native plugins for Editor in 0.00 ms.
Warning: Annotation not found!
UnityEngine.StackTraceUtility:ExtractStackTrace ()
UnityEditor.ProBuilder.EditorUtility:SetGizmoIconEnabled (System.Type,bool) (at Library/PackageCache/com.unity.probuilder@4.5.0/Editor/EditorCore/EditorUtility.cs:593)
UnityEditor.ProBuilder.HierarchyListener:.cctor () (at Library/PackageCache/com.unity.probuilder@4.5.0/Editor/EditorCore/HierarchyListener.cs:21)
System.Runtime.CompilerServices.RuntimeHelpers:RunClassConstructor (System.RuntimeTypeHandle)
UnityEditor.EditorAssemblies:ProcessInitializeOnLoadAttributes (System.Type[])

[Library/PackageCache/com.unity.probuilder@4.5.0/Editor/EditorCore/EditorUtility.cs line 593]

Mono: successfully reloaded assembly
- Completed reload, in  1.463 seconds
Platform modules already initialized, skipping
Refreshing native plugins compatible for Editor in 1.64 ms, found 0 plugins.
Preloading 0 native plugins for Editor in 0.00 ms.
Unloading 3891 Unused Serialized files (Serialized files now loaded: 0)
System memory in use before: 188.4 MB.
System memory in use after: 185.4 MB.

Unloading 44 unused Assets to reduce memory usage. Loaded Objects now: 4610.
Total: 7.563500 ms (FindLiveObjects: 0.417400 ms CreateObjectMapping: 0.257800 ms MarkObjects: 2.863400 ms  DeleteObjects: 4.023200 ms)

========================================================================
Received Import Request.
  Time since last request: 318.942741 seconds.
  path: Assets/Prefab/PlayerControllerPrefab.prefab
  artifactKey: Guid(ed958bc813dd6cd4297dea1ac8b420bf) Importer(815301076,1909f56bfc062723c751e8b465ee728b)
Start importing Assets/Prefab/PlayerControllerPrefab.prefab using Guid(ed958bc813dd6cd4297dea1ac8b420bf) Importer(815301076,1909f56bfc062723c751e8b465ee728b) Launched and connected shader compiler UnityShaderCompiler.exe after 0.06 seconds
Launched and connected shader compiler UnityShaderCompiler.exe after 0.06 seconds
Launched and connected shader compiler UnityShaderCompiler.exe after 0.05 seconds
Launched and connected shader compiler UnityShaderCompiler.exe after 0.06 seconds
Launched and connected shader compiler UnityShaderCompiler.exe after 0.06 seconds
Launched and connected shader compiler UnityShaderCompiler.exe after 0.05 seconds
Launched and connected shader compiler UnityShaderCompiler.exe after 0.05 seconds
Launched and connected shader compiler UnityShaderCompiler.exe after 0.06 seconds
Launched and connected shader compiler UnityShaderCompiler.exe after 0.04 seconds
Launched and connected shader compiler UnityShaderCompiler.exe after 0.04 seconds
Launched and connected shader compiler UnityShaderCompiler.exe after 0.04 seconds
 -> (artifact id: 'aa5e92fb3fd4b8cb1b09d352168b262a') in 2.034198 seconds
  Import took 2.053260 seconds .

========================================================================
Received Import Request.
  Time since last request: 7.789494 seconds.
  path: Assets/Scenes/GreyBox_Arena.unity
  artifactKey: Guid(48b21ffc6cccc6a42b3ca48a1e0ad08f) Importer(815301076,1909f56bfc062723c751e8b465ee728b)
Start importing Assets/Scenes/GreyBox_Arena.unity using Guid(48b21ffc6cccc6a42b3ca48a1e0ad08f) Importer(815301076,1909f56bfc062723c751e8b465ee728b)  -> (artifact id: '6ad376a852aac42543902872a5fd2705') in 0.008556 seconds
  Import took 0.016831 seconds .

========================================================================
Received Import Request.
  Time since last request: 25.899581 seconds.
  path: Assets/Scenes/PlayerControllerImport.unity
  artifactKey: Guid(48b21ffc6cccc6a42b3ca48a1e0ad08f) Importer(815301076,1909f56bfc062723c751e8b465ee728b)
Start importing Assets/Scenes/PlayerControllerImport.unity using Guid(48b21ffc6cccc6a42b3ca48a1e0ad08f) Importer(815301076,1909f56bfc062723c751e8b465ee728b)  -> (artifact id: '51bc7b1e07d3b209902031ef9b704880') in 0.013130 seconds
  Import took 0.022972 seconds .

========================================================================
Received Import Request.
  Time since last request: 0.005387 seconds.
  path: Assets/Scenes/PlayerControllerImport.unity
  artifactKey: Guid(48b21ffc6cccc6a42b3ca48a1e0ad08f) Importer(815301076,1909f56bfc062723c751e8b465ee728b)
Start importing Assets/Scenes/PlayerControllerImport.unity using Guid(48b21ffc6cccc6a42b3ca48a1e0ad08f) Importer(815301076,1909f56bfc062723c751e8b465ee728b)  -> (artifact id: '51bc7b1e07d3b209902031ef9b704880') in 0.002481 seconds
  Import took 0.011301 seconds .

========================================================================
Received Prepare
Registering precompiled user dll's ...
Registered in 0.001431 seconds.
Begin MonoManager ReloadAssembly
Native extension for WindowsStandalone target not found
Refreshing native plugins compatible for Editor in 1.45 ms, found 0 plugins.
Preloading 0 native plugins for Editor in 0.00 ms.
Warning: Annotation not found!
UnityEngine.StackTraceUtility:ExtractStackTrace ()
UnityEditor.ProBuilder.EditorUtility:SetGizmoIconEnabled (System.Type,bool) (at Library/PackageCache/com.unity.probuilder@4.5.0/Editor/EditorCore/EditorUtility.cs:593)
UnityEditor.ProBuilder.HierarchyListener:.cctor () (at Library/PackageCache/com.unity.probuilder@4.5.0/Editor/EditorCore/HierarchyListener.cs:21)
System.Runtime.CompilerServices.RuntimeHelpers:RunClassConstructor (System.RuntimeTypeHandle)
UnityEditor.EditorAssemblies:ProcessInitializeOnLoadAttributes (System.Type[])

[Library/PackageCache/com.unity.probuilder@4.5.0/Editor/EditorCore/EditorUtility.cs line 593]

Mono: successfully reloaded assembly
- Completed reload, in  1.682 seconds
Platform modules already initialized, skipping
Refreshing native plugins compatible for Editor in 1.58 ms, found 0 plugins.
Preloading 0 native plugins for Editor in 0.00 ms.
Unloading 3902 Unused Serialized files (Serialized files now loaded: 0)
System memory in use before: 210.5 MB.
System memory in use after: 207.9 MB.

Unloading 38 unused Assets to reduce memory usage. Loaded Objects now: 4753.
Total: 6.410400 ms (FindLiveObjects: 0.518700 ms CreateObjectMapping: 0.266400 ms MarkObjects: 3.227700 ms  DeleteObjects: 2.396000 ms)

========================================================================
Received Import Request.
  Time since last request: 124.578977 seconds.
  path: Assets/Models/boxMan.fbx
  artifactKey: Guid(f9a132340c07fed49b4f4a7822451aab) Importer(815301076,1909f56bfc062723c751e8b465ee728b)
Start importing Assets/Models/boxMan.fbx using Guid(f9a132340c07fed49b4f4a7822451aab) Importer(815301076,1909f56bfc062723c751e8b465ee728b)  -> (artifact id: 'be20e425afe230090f8fdb8dfc9c31c4') in 0.733739 seconds
  Import took 0.742827 seconds .

========================================================================
Received Import Request.
  Time since last request: 4.810363 seconds.
  path: Assets/Models/Soi_Armour_A.fbx
  artifactKey: Guid(d3b519f4606cd3641b4de98c55848c7f) Importer(815301076,1909f56bfc062723c751e8b465ee728b)
Start importing Assets/Models/Soi_Armour_A.fbx using Guid(d3b519f4606cd3641b4de98c55848c7f) Importer(815301076,1909f56bfc062723c751e8b465ee728b)  -> (artifact id: 'f23455aabf0c3034cd3ca9d8d48b68f1') in 8.982910 seconds
  Import took 8.993162 seconds .

========================================================================
Received Import Request.
  Time since last request: 83.951453 seconds.
  path: Assets/Scripts/PlayerImport
  artifactKey: Guid(c5a6de667d0e50446a1152ac0ba72ab4) Importer(815301076,1909f56bfc062723c751e8b465ee728b)
Start importing Assets/Scripts/PlayerImport using Guid(c5a6de667d0e50446a1152ac0ba72ab4) Importer(815301076,1909f56bfc062723c751e8b465ee728b)  -> (artifact id: '91fc570f0e4b3e12a076543380051b40') in 0.007290 seconds
  Import took 0.019256 seconds .

========================================================================
Received Import Request.
  Time since last request: 0.001081 seconds.
  path: Assets/Scripts/PlayerImport
  artifactKey: Guid(c5a6de667d0e50446a1152ac0ba72ab4) Importer(815301076,1909f56bfc062723c751e8b465ee728b)
Start importing Assets/Scripts/PlayerImport using Guid(c5a6de667d0e50446a1152ac0ba72ab4) Importer(815301076,1909f56bfc062723c751e8b465ee728b)  -> (artifact id: '91fc570f0e4b3e12a076543380051b40') in 0.003486 seconds
  Import took 0.013661 seconds .

========================================================================
Received Import Request.
  Time since last request: 1.490341 seconds.
  path: Assets/Scripts/Utilities
  artifactKey: Guid(b12ae2a822a01194fa195d230cdc010b) Importer(815301076,1909f56bfc062723c751e8b465ee728b)
Start importing Assets/Scripts/Utilities using Guid(b12ae2a822a01194fa195d230cdc010b) Importer(815301076,1909f56bfc062723c751e8b465ee728b)  -> (artifact id: '006fff5f267ca95b80dd271b3eb39127') in 0.009637 seconds
  Import took 0.018245 seconds .

========================================================================
Received Prepare
Registering precompiled user dll's ...
Registered in 0.001637 seconds.
Begin MonoManager ReloadAssembly
Native extension for WindowsStandalone target not found
Refreshing native plugins compatible for Editor in 0.85 ms, found 0 plugins.
Preloading 0 native plugins for Editor in 0.00 ms.
Warning: Annotation not found!
UnityEngine.StackTraceUtility:ExtractStackTrace ()
UnityEditor.ProBuilder.EditorUtility:SetGizmoIconEnabled (System.Type,bool) (at Library/PackageCache/com.unity.probuilder@4.5.0/Editor/EditorCore/EditorUtility.cs:593)
UnityEditor.ProBuilder.HierarchyListener:.cctor () (at Library/PackageCache/com.unity.probuilder@4.5.0/Editor/EditorCore/HierarchyListener.cs:21)
System.Runtime.CompilerServices.RuntimeHelpers:RunClassConstructor (System.RuntimeTypeHandle)
UnityEditor.EditorAssemblies:ProcessInitializeOnLoadAttributes (System.Type[])

[Library/PackageCache/com.unity.probuilder@4.5.0/Editor/EditorCore/EditorUtility.cs line 593]

Mono: successfully reloaded assembly
- Completed reload, in  1.667 seconds
Platform modules already initialized, skipping
Refreshing native plugins compatible for Editor in 1.11 ms, found 0 plugins.
Preloading 0 native plugins for Editor in 0.00 ms.
Unloading 3885 Unused Serialized files (Serialized files now loaded: 0)
System memory in use before: 210.3 MB.
System memory in use after: 207.7 MB.

Unloading 38 unused Assets to reduce memory usage. Loaded Objects now: 4893.
Total: 6.724100 ms (FindLiveObjects: 0.397000 ms CreateObjectMapping: 0.272300 ms MarkObjects: 3.861900 ms  DeleteObjects: 2.191600 ms)

========================================================================
Received Import Request.
  Time since last request: 200.677210 seconds.
  path: Assets/Animations/Animator Controller/Humanoids.controller
  artifactKey: Guid(3157bfb803963434fb24dd40c9675c91) Importer(815301076,1909f56bfc062723c751e8b465ee728b)
Start importing Assets/Animations/Animator Controller/Humanoids.controller using Guid(3157bfb803963434fb24dd40c9675c91) Importer(815301076,1909f56bfc062723c751e8b465ee728b)  -> (artifact id: '7ce51621b28f7af453ba719a7456916c') in 0.287316 seconds
  Import took 0.298759 seconds .

========================================================================
Received Import Request.
  Time since last request: 19.380579 seconds.
  path: Assets/Animations/Attacks/oh_attack_1.anim
  artifactKey: Guid(1f26fad81f2a32447904bf3d0e94856a) Importer(815301076,1909f56bfc062723c751e8b465ee728b)
Start importing Assets/Animations/Attacks/oh_attack_1.anim using Guid(1f26fad81f2a32447904bf3d0e94856a) Importer(815301076,1909f56bfc062723c751e8b465ee728b)  -> (artifact id: '4aa81182a719a78da6e24f0e23854824') in 0.019730 seconds
  Import took 0.027512 seconds .

========================================================================
Received Import Request.
  Time since last request: 31.673872 seconds.
  path: Assets/Animations/Attacks/oh_attack_3.anim
  artifactKey: Guid(9b5a1a632d51aa744a964ec5f5a4a208) Importer(815301076,1909f56bfc062723c751e8b465ee728b)
Start importing Assets/Animations/Attacks/oh_attack_3.anim using Guid(9b5a1a632d51aa744a964ec5f5a4a208) Importer(815301076,1909f56bfc062723c751e8b465ee728b)  -> (artifact id: '9338fc8e8aa4de2bcf5cfa7bed12163b') in 0.027070 seconds
  Import took 0.037487 seconds .

========================================================================
Received Import Request.
  Time since last request: 13.331234 seconds.
  path: Assets/HDRPDefaultResources/SampleSceneAssets/Textures/DensityVolumeTextures/3d_fractal_noise_sample01.tga
  artifactKey: Guid(836429d92e1b49443b7743362fdeb1fe) Importer(815301076,1909f56bfc062723c751e8b465ee728b)
Start importing Assets/HDRPDefaultResources/SampleSceneAssets/Textures/DensityVolumeTextures/3d_fractal_noise_sample01.tga using Guid(836429d92e1b49443b7743362fdeb1fe) Importer(815301076,1909f56bfc062723c751e8b465ee728b)  -> (artifact id: '1c4cd1fb5150a69cd08c3421db1cec6a') in 0.067173 seconds
  Import took 0.074398 seconds .

========================================================================
Received Import Request.
  Time since last request: 0.000269 seconds.
  path: Assets/HDRPDefaultResources/SampleSceneAssets/Textures/General/Bamboo_A_BNM.png
  artifactKey: Guid(f6341afdbd8d916429f1fb266c729b58) Importer(815301076,1909f56bfc062723c751e8b465ee728b)
Start importing Assets/HDRPDefaultResources/SampleSceneAssets/Textures/General/Bamboo_A_BNM.png using Guid(f6341afdbd8d916429f1fb266c729b58) Importer(815301076,1909f56bfc062723c751e8b465ee728b)  -> (artifact id: 'cb5f3a916942975ed0931a9672d42806') in 0.038174 seconds
  Import took 0.045804 seconds .

========================================================================
Received Import Request.
  Time since last request: 0.000256 seconds.
  path: Assets/HDRPDefaultResources/SampleSceneAssets/Textures/DensityVolumeTextures/3d_fractal_noise_sample01.tga
  artifactKey: Guid(836429d92e1b49443b7743362fdeb1fe) Importer(815301076,1909f56bfc062723c751e8b465ee728b)
Start importing Assets/HDRPDefaultResources/SampleSceneAssets/Textures/DensityVolumeTextures/3d_fractal_noise_sample01.tga using Guid(836429d92e1b49443b7743362fdeb1fe) Importer(815301076,1909f56bfc062723c751e8b465ee728b)  -> (artifact id: '1c4cd1fb5150a69cd08c3421db1cec6a') in 0.014571 seconds
  Import took 0.022014 seconds .

========================================================================
Received Import Request.
  Time since last request: 0.000229 seconds.
  path: Assets/HDRPDefaultResources/SampleSceneAssets/Textures/General/Bamboo_A_MaskMap.png
  artifactKey: Guid(0081f8fb9bc44a0448c0276d234cd68d) Importer(815301076,1909f56bfc062723c751e8b465ee728b)
Start importing Assets/HDRPDefaultResources/SampleSceneAssets/Textures/General/Bamboo_A_MaskMap.png using Guid(0081f8fb9bc44a0448c0276d234cd68d) Importer(815301076,1909f56bfc062723c751e8b465ee728b)  -> (artifact id: 'c63b8c4a53e9cc5f9f99e69f018d26f7') in 0.013277 seconds
  Import took 0.020167 seconds .

========================================================================
Received Import Request.
  Time since last request: 0.000592 seconds.
  path: Assets/HDRPDefaultResources/SampleSceneAssets/Textures/General/Brass_Albedo.png
  artifactKey: Guid(3287de45d937b34418b4eb16c1a27c8b) Importer(815301076,1909f56bfc062723c751e8b465ee728b)
Start importing Assets/HDRPDefaultResources/SampleSceneAssets/Textures/General/Brass_Albedo.png using Guid(3287de45d937b34418b4eb16c1a27c8b) Importer(815301076,1909f56bfc062723c751e8b465ee728b)  -> (artifact id: '2978e96364ca06ca39d6294b25efe4e3') in 0.024908 seconds
  Import took 0.033457 seconds .

========================================================================
Received Import Request.
  Time since last request: 0.000354 seconds.
  path: Assets/HDRPDefaultResources/SampleSceneAssets/Textures/VFX/BamBoo_Leaves_Albedo.png
  artifactKey: Guid(8a51867cd75a2a7438c127fd7ae830e3) Importer(815301076,1909f56bfc062723c751e8b465ee728b)
Start importing Assets/HDRPDefaultResources/SampleSceneAssets/Textures/VFX/BamBoo_Leaves_Albedo.png using Guid(8a51867cd75a2a7438c127fd7ae830e3) Importer(815301076,1909f56bfc062723c751e8b465ee728b)  -> (artifact id: '2fd6306f0b6019e34ae596dbe7a89d54') in 0.018616 seconds
  Import took 0.028173 seconds .

========================================================================
Received Import Request.
  Time since last request: 0.000473 seconds.
  path: Assets/Animations/Animator Controller/Both Hands.mask
  artifactKey: Guid(b417b5d0369a3d949a15259bb5ecd7f6) Importer(815301076,1909f56bfc062723c751e8b465ee728b)
Start importing Assets/Animations/Animator Controller/Both Hands.mask using Guid(b417b5d0369a3d949a15259bb5ecd7f6) Importer(815301076,1909f56bfc062723c751e8b465ee728b)  -> (artifact id: '24092d714a5040b7ad03d1d267ac3a4d') in 0.010885 seconds
  Import took 0.021058 seconds .

========================================================================
Received Import Request.
  Time since last request: 0.000242 seconds.
  path: Assets/Materials/Armour_Cloth_Battered 1.mat
  artifactKey: Guid(ce93e453a0e99de49b59658bc703e8dc) Importer(815301076,1909f56bfc062723c751e8b465ee728b)
Start importing Assets/Materials/Armour_Cloth_Battered 1.mat using Guid(ce93e453a0e99de49b59658bc703e8dc) Importer(815301076,1909f56bfc062723c751e8b465ee728b)  -> (artifact id: '68a4f7b7205d4b9427042556fec4e47a') in 0.671856 seconds
  Import took 0.686871 seconds .

========================================================================
Received Import Request.
  Time since last request: 0.000222 seconds.
  path: Assets/HDRPDefaultResources/SampleSceneAssets/Textures/VFX/BamBoo_Leaves_Normal.png
  artifactKey: Guid(5f32f45b35afc554ca8d0bbae0fb2f0c) Importer(815301076,1909f56bfc062723c751e8b465ee728b)
Start importing Assets/HDRPDefaultResources/SampleSceneAssets/Textures/VFX/BamBoo_Leaves_Normal.png using Guid(5f32f45b35afc554ca8d0bbae0fb2f0c) Importer(815301076,1909f56bfc062723c751e8b465ee728b)  -> (artifact id: '711ff76282b330dd6e8dede5d7d47b78') in 0.029421 seconds
  Import took 0.037967 seconds .

========================================================================
Received Import Request.
  Time since last request: 0.000417 seconds.
  path: Assets/Materials/Armour_Metal_Clean_MaskMap.png
  artifactKey: Guid(69eef111d188d3048b8c6e6f984d2144) Importer(815301076,1909f56bfc062723c751e8b465ee728b)
Start importing Assets/Materials/Armour_Metal_Clean_MaskMap.png using Guid(69eef111d188d3048b8c6e6f984d2144) Importer(815301076,1909f56bfc062723c751e8b465ee728b)  -> (artifact id: 'acc0b5794bb080deb6b94fe391e6fdbc') in 0.022802 seconds
  Import took 0.030340 seconds .

========================================================================
Received Import Request.
  Time since last request: 0.000306 seconds.
  path: Assets/HDRPDefaultResources/SampleSceneAssets/Textures/General/Bush_01_BC.png
  artifactKey: Guid(a78b571da66b42a4797a35454d64a71d) Importer(815301076,1909f56bfc062723c751e8b465ee728b)
Start importing Assets/HDRPDefaultResources/SampleSceneAssets/Textures/General/Bush_01_BC.png using Guid(a78b571da66b42a4797a35454d64a71d) Importer(815301076,1909f56bfc062723c751e8b465ee728b)  -> (artifact id: 'b725aae1135adf6c69644565e1a73d64') in 0.016581 seconds
  Import took 0.024670 seconds .

========================================================================
Received Import Request.
  Time since last request: 0.000296 seconds.
  path: Assets/HDRPDefaultResources/SampleSceneAssets/Settings/DiffusionProfiles/BambooLeaves.asset
  artifactKey: Guid(5a9a2dc462c7bde4f86d0615a19c2c72) Importer(815301076,1909f56bfc062723c751e8b465ee728b)
Start importing Assets/HDRPDefaultResources/SampleSceneAssets/Settings/DiffusionProfiles/BambooLeaves.asset using Guid(5a9a2dc462c7bde4f86d0615a19c2c72) Importer(815301076,1909f56bfc062723c751e8b465ee728b)  -> (artifact id: '3c0817971d2aafb1c6d0db163646c2ca') in 0.009923 seconds
  Import took 0.018827 seconds .

========================================================================
Received Import Request.
  Time since last request: 0.000290 seconds.
  path: Assets/HDRPDefaultResources/SampleSceneAssets/Textures/General/Brass_MAODS.png
  artifactKey: Guid(3008d6bc83d360041817752724fa2f4e) Importer(815301076,1909f56bfc062723c751e8b465ee728b)
Start importing Assets/HDRPDefaultResources/SampleSceneAssets/Textures/General/Brass_MAODS.png using Guid(3008d6bc83d360041817752724fa2f4e) Importer(815301076,1909f56bfc062723c751e8b465ee728b)  -> (artifact id: 'e081d1de35460125ec0a7325aad2c1e7') in 0.015788 seconds
  Import took 0.022712 seconds .

========================================================================
Received Import Request.
  Time since last request: 0.000301 seconds.
  path: Assets/HDRPDefaultResources/SampleSceneAssets/Textures/General/Bush_01_Normal.png
  artifactKey: Guid(f9d8b252b0a372e409bd532d908b970d) Importer(815301076,1909f56bfc062723c751e8b465ee728b)
Start importing Assets/HDRPDefaultResources/SampleSceneAssets/Textures/General/Bush_01_Normal.png using Guid(f9d8b252b0a372e409bd532d908b970d) Importer(815301076,1909f56bfc062723c751e8b465ee728b)  -> (artifact id: 'ad50e720a9fc9c0ccf753f68d33fc8b8') in 0.010525 seconds
  Import took 0.017587 seconds .

========================================================================
Received Import Request.
  Time since last request: 0.000240 seconds.
  path: Assets/Materials/Armour_Metal_Battered 1.mat
  artifactKey: Guid(6ad3eb936c5dedc4ea386d3f2e521da2) Importer(815301076,1909f56bfc062723c751e8b465ee728b)
Start importing Assets/Materials/Armour_Metal_Battered 1.mat using Guid(6ad3eb936c5dedc4ea386d3f2e521da2) Importer(815301076,1909f56bfc062723c751e8b465ee728b)  -> (artifact id: 'e2b799a55d8a6e830fae68689120c520') in 0.025010 seconds
  Import took 0.032086 seconds .

========================================================================
Received Import Request.
  Time since last request: 0.000368 seconds.
  path: Assets/HDRPDefaultResources/SampleSceneAssets/Textures/General/Bamboo_A_Albedo.png
  artifactKey: Guid(d0988f211eac8ca4d84dd1290ce650de) Importer(815301076,1909f56bfc062723c751e8b465ee728b)
Start importing Assets/HDRPDefaultResources/SampleSceneAssets/Textures/General/Bamboo_A_Albedo.png using Guid(d0988f211eac8ca4d84dd1290ce650de) Importer(815301076,1909f56bfc062723c751e8b465ee728b)  -> (artifact id: '9aa7df46e98cb9ddb620aef4c9a5334e') in 0.010419 seconds
  Import took 0.017941 seconds .

========================================================================
Received Import Request.
  Time since last request: 0.000282 seconds.
  path: Assets/Materials/Armour_Metal_Clean.mat
  artifactKey: Guid(fddbe05f3f35e0c4eb301d2837797377) Importer(815301076,1909f56bfc062723c751e8b465ee728b)
Start importing Assets/Materials/Armour_Metal_Clean.mat using Guid(fddbe05f3f35e0c4eb301d2837797377) Importer(815301076,1909f56bfc062723c751e8b465ee728b)  -> (artifact id: 'b42c6eb82db51f58ecb187e1f7e24e66') in 0.063920 seconds
  Import took 0.072814 seconds .

========================================================================
Received Import Request.
  Time since last request: 0.000258 seconds.
  path: Assets/HDRPDefaultResources/SampleSceneAssets/Meshes/Props/Lights/Prefab/CeilingLamp_01.prefab
  artifactKey: Guid(76336da601705b24888cb14d8af76073) Importer(815301076,1909f56bfc062723c751e8b465ee728b)
Start importing Assets/HDRPDefaultResources/SampleSceneAssets/Meshes/Props/Lights/Prefab/CeilingLamp_01.prefab using Guid(76336da601705b24888cb14d8af76073) Importer(815301076,1909f56bfc062723c751e8b465ee728b)  -> (artifact id: '84c30fb0520e4ccc54c2e8201e20262a') in 0.099964 seconds
  Import took 0.111128 seconds .

========================================================================
Received Import Request.
  Time since last request: 0.000271 seconds.
  path: Assets/HDRPDefaultResources/SampleSceneAssets/Textures/General/Bamboo_A_Normal.png
  artifactKey: Guid(c92c870449b56f94f9a1fc7573e5f791) Importer(815301076,1909f56bfc062723c751e8b465ee728b)
Start importing Assets/HDRPDefaultResources/SampleSceneAssets/Textures/General/Bamboo_A_Normal.png using Guid(c92c870449b56f94f9a1fc7573e5f791) Importer(815301076,1909f56bfc062723c751e8b465ee728b)  -> (artifact id: '4c8d5270a3938633e13b11a9581f68ed') in 0.017051 seconds
  Import took 0.027322 seconds .

========================================================================
Received Import Request.
  Time since last request: 0.000235 seconds.
  path: Assets/Materials/Armour_Cloth_Clean.mat
  artifactKey: Guid(f855d17850816724097ef82a8df6b7d0) Importer(815301076,1909f56bfc062723c751e8b465ee728b)
Start importing Assets/Materials/Armour_Cloth_Clean.mat using Guid(f855d17850816724097ef82a8df6b7d0) Importer(815301076,1909f56bfc062723c751e8b465ee728b)  -> (artifact id: '5ec15adc7ec1dc7a9e5a493b2da75839') in 0.060779 seconds
  Import took 0.077665 seconds .

========================================================================
Received Import Request.
  Time since last request: 0.000249 seconds.
  path: Assets/HDRPDefaultResources/SampleSceneAssets/Textures/General/Brass_Normal.png
  artifactKey: Guid(859b2995968925148b3bf58b641f49ad) Importer(815301076,1909f56bfc062723c751e8b465ee728b)
Start importing Assets/HDRPDefaultResources/SampleSceneAssets/Textures/General/Brass_Normal.png using Guid(859b2995968925148b3bf58b641f49ad) Importer(815301076,1909f56bfc062723c751e8b465ee728b)  -> (artifact id: '83eb83f78152d5270161b2705a9a3e40') in 0.013864 seconds
  Import took 0.021148 seconds .

========================================================================
Received Import Request.
  Time since last request: 0.000361 seconds.
  path: Assets/HDRPDefaultResources/SampleSceneAssets/Textures/General/Bamboo_A_Height.png
  artifactKey: Guid(653861b580438e1429c55953041fab8a) Importer(815301076,1909f56bfc062723c751e8b465ee728b)
Start importing Assets/HDRPDefaultResources/SampleSceneAssets/Textures/General/Bamboo_A_Height.png using Guid(653861b580438e1429c55953041fab8a) Importer(815301076,1909f56bfc062723c751e8b465ee728b)  -> (artifact id: '63b74542a8d8774da083a6c6debb5bfc') in 0.011482 seconds
  Import took 0.019533 seconds .

========================================================================
Received Import Request.
  Time since last request: 0.000243 seconds.
  path: Assets/HDRPDefaultResources/SampleSceneAssets/Textures/VFX/BamBoo_Leaves_MaskMap.png
  artifactKey: Guid(e887296ef8b8ac942a2d4c372eadca2e) Importer(815301076,1909f56bfc062723c751e8b465ee728b)
Start importing Assets/HDRPDefaultResources/SampleSceneAssets/Textures/VFX/BamBoo_Leaves_MaskMap.png using Guid(e887296ef8b8ac942a2d4c372eadca2e) Importer(815301076,1909f56bfc062723c751e8b465ee728b)  -> (artifact id: '6669b0b3fd70b04553cc70d98dc70c26') in 0.020239 seconds
  Import took 0.029534 seconds .

========================================================================
Received Import Request.
  Time since last request: 0.000249 seconds.
  path: Assets/HDRPDefaultResources/SampleSceneAssets/Textures/VFX/ButterFlies_8x1.png
  artifactKey: Guid(bd8ecf28fc2ab684fa1a57ee707e5214) Importer(815301076,1909f56bfc062723c751e8b465ee728b)
Start importing Assets/HDRPDefaultResources/SampleSceneAssets/Textures/VFX/ButterFlies_8x1.png using Guid(bd8ecf28fc2ab684fa1a57ee707e5214) Importer(815301076,1909f56bfc062723c751e8b465ee728b)  -> (artifact id: '1badb0925f4861275597268c29bb945c') in 0.014672 seconds
  Import took 0.023643 seconds .

========================================================================
Received Import Request.
  Time since last request: 0.000222 seconds.
  path: Assets/HDRPDefaultResources/SampleSceneAssets/Meshes/Props/Ball/Model/Base.fbx
  artifactKey: Guid(916a8fb579c63874394827cbec0773ae) Importer(815301076,1909f56bfc062723c751e8b465ee728b)
Start importing Assets/HDRPDefaultResources/SampleSceneAssets/Meshes/Props/Ball/Model/Base.fbx using Guid(916a8fb579c63874394827cbec0773ae) Importer(815301076,1909f56bfc062723c751e8b465ee728b)  -> (artifact id: '3596da80089977ecb82846ececb6a5f0') in 0.053099 seconds
  Import took 0.060578 seconds .

========================================================================
Received Import Request.
  Time since last request: 0.000228 seconds.
  path: Assets/HDRPDefaultResources/SampleSceneAssets/Textures/General/Bamboo_A_Thickness.png
  artifactKey: Guid(f6e15ec362c60e74cb03d3353528f79c) Importer(815301076,1909f56bfc062723c751e8b465ee728b)
Start importing Assets/HDRPDefaultResources/SampleSceneAssets/Textures/General/Bamboo_A_Thickness.png using Guid(f6e15ec362c60e74cb03d3353528f79c) Importer(815301076,1909f56bfc062723c751e8b465ee728b)  -> (artifact id: '6bfedcfd78873b636ef10e1ade5ee3c0') in 0.015419 seconds
  Import took 0.024099 seconds .

========================================================================
Received Import Request.
  Time since last request: 0.000505 seconds.
  path: Assets/Camera Holder.prefab
  artifactKey: Guid(6e67d3bdbd7bb5d48bc469497264da31) Importer(815301076,1909f56bfc062723c751e8b465ee728b)
Start importing Assets/Camera Holder.prefab using Guid(6e67d3bdbd7bb5d48bc469497264da31) Importer(815301076,1909f56bfc062723c751e8b465ee728b)  -> (artifact id: '059cdbbb79b4d225c2a5316c959157df') in 0.007167 seconds
  Import took 0.017328 seconds .

========================================================================
Received Import Request.
  Time since last request: 0.000223 seconds.
  path: Assets/Materials/Armour_Cloth_Clean_MaskMap.png
  artifactKey: Guid(c7277054df2c6fa4bb93b725047f5504) Importer(815301076,1909f56bfc062723c751e8b465ee728b)
Start importing Assets/Materials/Armour_Cloth_Clean_MaskMap.png using Guid(c7277054df2c6fa4bb93b725047f5504) Importer(815301076,1909f56bfc062723c751e8b465ee728b)  -> (artifact id: 'dc127fa059f4dc5802d97a5ab40f6b10') in 0.016168 seconds
  Import took 0.029548 seconds .

========================================================================
Received Import Request.
  Time since last request: 0.000334 seconds.
  path: Assets/HDRPDefaultResources/SampleSceneAssets/Meshes/Props/Ball/Model/Ball.fbx
  artifactKey: Guid(0a34426304031834ebef443b222bba40) Importer(815301076,1909f56bfc062723c751e8b465ee728b)
Start importing Assets/HDRPDefaultResources/SampleSceneAssets/Meshes/Props/Ball/Model/Ball.fbx using Guid(0a34426304031834ebef443b222bba40) Importer(815301076,1909f56bfc062723c751e8b465ee728b)  -> (artifact id: '4e68d0ff60083e04db87b5a0682ac2bf') in 0.045496 seconds
  Import took 0.054363 seconds .

========================================================================
Received Import Request.
  Time since last request: 0.000294 seconds.
  path: Assets/HDRPDefaultResources/SampleSceneAssets/Textures/General/Bush_01_MAODS.png
  artifactKey: Guid(5618ce3251344d743a4f94e92a46e6b5) Importer(815301076,1909f56bfc062723c751e8b465ee728b)
Start importing Assets/HDRPDefaultResources/SampleSceneAssets/Textures/General/Bush_01_MAODS.png using Guid(5618ce3251344d743a4f94e92a46e6b5) Importer(815301076,1909f56bfc062723c751e8b465ee728b)  -> (artifact id: '5d14962158116008b0c833a173cb2b15') in 0.016208 seconds
  Import took 0.024250 seconds .

========================================================================
Received Import Request.
  Time since last request: 33.889489 seconds.
  path: Assets/Animations/Attacks/th_attack_1.anim
  artifactKey: Guid(86cb5dcafbbc6e54d8d65927ea6ec820) Importer(815301076,1909f56bfc062723c751e8b465ee728b)
Start importing Assets/Animations/Attacks/th_attack_1.anim using Guid(86cb5dcafbbc6e54d8d65927ea6ec820) Importer(815301076,1909f56bfc062723c751e8b465ee728b)  -> (artifact id: 'be55092f9d1452898d22f7bd8ba124b2') in 0.022749 seconds
  Import took 0.032726 seconds .

========================================================================
Received Import Request.
  Time since last request: 0.014773 seconds.
  path: Assets/Animations/Attacks/th_attack_1.anim
  artifactKey: Guid(86cb5dcafbbc6e54d8d65927ea6ec820) Importer(815301076,1909f56bfc062723c751e8b465ee728b)
Start importing Assets/Animations/Attacks/th_attack_1.anim using Guid(86cb5dcafbbc6e54d8d65927ea6ec820) Importer(815301076,1909f56bfc062723c751e8b465ee728b)  -> (artifact id: 'be55092f9d1452898d22f7bd8ba124b2') in 0.022804 seconds
  Import took 0.029967 seconds .

========================================================================
Received Import Request.
  Time since last request: 66.695633 seconds.
  path: Assets/Animations/Attacks/oh_attack_2.anim
  artifactKey: Guid(b034b961724f0b1419797f7601110f5f) Importer(815301076,1909f56bfc062723c751e8b465ee728b)
Start importing Assets/Animations/Attacks/oh_attack_2.anim using Guid(b034b961724f0b1419797f7601110f5f) Importer(815301076,1909f56bfc062723c751e8b465ee728b)  -> (artifact id: 'aa65458af6847419cdb78c48434280da') in 0.022476 seconds
  Import took 0.029476 seconds .

========================================================================
Received Import Request.
  Time since last request: 8.731999 seconds.
  path: Assets/Animations/Attacks/th_attack_2.anim
  artifactKey: Guid(564e0023e048ab54eafe0684d3854622) Importer(815301076,1909f56bfc062723c751e8b465ee728b)
Start importing Assets/Animations/Attacks/th_attack_2.anim using Guid(564e0023e048ab54eafe0684d3854622) Importer(815301076,1909f56bfc062723c751e8b465ee728b)  -> (artifact id: '436d1844c9386fda8f45e7484b2760cb') in 0.017169 seconds
  Import took 0.023400 seconds .

========================================================================
Received Import Request.
  Time since last request: 69.962216 seconds.
  path: Assets/Animations/Attacks/th_idle.anim
  artifactKey: Guid(7041ccd2126f9b242976c1c8dad931f6) Importer(815301076,1909f56bfc062723c751e8b465ee728b)
Start importing Assets/Animations/Attacks/th_idle.anim using Guid(7041ccd2126f9b242976c1c8dad931f6) Importer(815301076,1909f56bfc062723c751e8b465ee728b)  -> (artifact id: 'c7b8c7cac465cc7bfcd4777a10a98fa0') in 0.006543 seconds
  Import took 0.013310 seconds .

========================================================================
Received Prepare
Registering precompiled user dll's ...
Registered in 0.001991 seconds.
Begin MonoManager ReloadAssembly
Native extension for WindowsStandalone target not found
Refreshing native plugins compatible for Editor in 0.67 ms, found 0 plugins.
Preloading 0 native plugins for Editor in 0.00 ms.
Warning: Annotation not found!
UnityEngine.StackTraceUtility:ExtractStackTrace ()
UnityEditor.ProBuilder.EditorUtility:SetGizmoIconEnabled (System.Type,bool) (at Library/PackageCache/com.unity.probuilder@4.5.0/Editor/EditorCore/EditorUtility.cs:593)
UnityEditor.ProBuilder.HierarchyListener:.cctor () (at Library/PackageCache/com.unity.probuilder@4.5.0/Editor/EditorCore/HierarchyListener.cs:21)
System.Runtime.CompilerServices.RuntimeHelpers:RunClassConstructor (System.RuntimeTypeHandle)
UnityEditor.EditorAssemblies:ProcessInitializeOnLoadAttributes (System.Type[])

[Library/PackageCache/com.unity.probuilder@4.5.0/Editor/EditorCore/EditorUtility.cs line 593]

Mono: successfully reloaded assembly
- Completed reload, in  1.664 seconds
Platform modules already initialized, skipping
Refreshing native plugins compatible for Editor in 0.81 ms, found 0 plugins.
Preloading 0 native plugins for Editor in 0.00 ms.
Unloading 3885 Unused Serialized files (Serialized files now loaded: 0)
System memory in use before: 210.8 MB.
System memory in use after: 208.2 MB.

Unloading 38 unused Assets to reduce memory usage. Loaded Objects now: 5006.
Total: 7.732100 ms (FindLiveObjects: 0.497600 ms CreateObjectMapping: 0.235600 ms MarkObjects: 4.783500 ms  DeleteObjects: 2.214100 ms)

========================================================================
Received Import Request.
  Time since last request: 975.676214 seconds.
  path: Assets/Animations/Attacks/oh_attack_2.anim
  artifactKey: Guid(b034b961724f0b1419797f7601110f5f) Importer(815301076,1909f56bfc062723c751e8b465ee728b)
Start importing Assets/Animations/Attacks/oh_attack_2.anim using Guid(b034b961724f0b1419797f7601110f5f) Importer(815301076,1909f56bfc062723c751e8b465ee728b)  -> (artifact id: '4bf665cf7f35abe647ea7c4eab2e7567') in 0.045902 seconds
  Import took 0.054494 seconds .

AssetImportWorkerClient::OnTransportError - code=2 error=End of file
